Post ID: 
Post ID: 
Post ID: 
Post ID: 
Post ID: 
Post ID: 
Post ID: 
Post ID: 
Post ID: 
Post ID: 
Post ID: 
Post ID: 
Post ID: 
Post ID: 
Post ID: 
Post ID: 
Post ID: 
Post ID: 
Post ID: 
Post ID: 
Post ID: 
Post ID: 
Post ID: 
Post ID: 
Post ID: 
Post ID: 
Post ID: 
Post ID: 
Post ID: 
Post ID: 
Post ID: 
Post ID: 
Post ID: 
Escaped Draft ID: 
Remove Result: 
Post ID: 
Post ID: 
Post ID: 
[]
[]
[]
[]
[]
[]
[]
Post ID: 
Post ID: 
Post ID: 
Post ID: 
Post ID: 
Post ID: 
Post ID: 193
Post ID: 193
Post ID: 193
Post ID: 192
Post ID: 107
Post ID: 195
Post ID: 194
Post ID: 194
Post ID: 106
Post ID: 198
Post ID: 206
Post ID: 196
Post ID: 209
Post ID: 
Post ID: 
Post ID: 
Post ID: 
Post ID: 
Post ID: 
Post ID: 
Post ID: 
Post ID: 
Post ID: 
Post ID: 
Post ID: 
Post ID: 
Post ID: 
Post ID: 
Post ID: 
Post ID: 
Post ID: 
Post ID: 
Post ID: 
Post ID: 
Post ID: 
Post ID: 
Post ID: 
Post ID: 
Post ID: 
